<?xml version="1.0" encoding="UTF-8"?>
<!-- Generated by org.testng.reporters.JUnitReportReporter -->
<testsuite ignored="0" hostname="Dell" failures="0" tests="3" name="com.learning.sumit.bankApplication.service.UserServiceTest" time="0.375" errors="0" timestamp="22 Jul 2021 17:20:39 GMT" skipped="0">
  <testcase classname="com.learning.sumit.bankApplication.service.UserServiceTest" name="testDepositWithdraw" time="0.141"/>
  <testcase classname="com.learning.sumit.bankApplication.service.UserServiceTest" name="testCreateAccount" time="0.078"/>
  <testcase classname="com.learning.sumit.bankApplication.service.UserServiceTest" name="testNegativeFlow" time="0.156"/>
</testsuite> <!-- com.learning.sumit.bankApplication.service.UserServiceTest -->
