<?xml version="1.0" encoding="UTF-8"?>
<!-- Generated by org.testng.reporters.JUnitReportReporter -->
<testsuite ignored="0" hostname="Dell" failures="0" tests="1" name="com.learning.sumit.bankApplication.controller.BankRestControllerMockTest" time="0.110" errors="0" timestamp="22 Jul 2021 17:20:39 GMT" skipped="0">
  <testcase classname="com.learning.sumit.bankApplication.controller.BankRestControllerMockTest" name="controllerTest" time="0.110"/>
</testsuite> <!-- com.learning.sumit.bankApplication.controller.BankRestControllerMockTest -->
