<?xml version="1.0" encoding="UTF-8"?>
<!-- Generated by org.testng.reporters.JUnitReportReporter -->
<testsuite ignored="0" hostname="Dell" failures="0" tests="1" name="com.learning.sumit.bankApplication.controller.BankRestControllerTest" time="22.293" errors="0" timestamp="22 Jul 2021 17:20:39 GMT" skipped="0">
  <testcase classname="com.learning.sumit.bankApplication.controller.BankRestControllerTest" name="controllerTest" time="22.293"/>
</testsuite> <!-- com.learning.sumit.bankApplication.controller.BankRestControllerTest -->
