<?xml version="1.0" encoding="UTF-8"?>
<!-- Generated by org.testng.reporters.JUnitReportReporter -->
<testsuite ignored="0" hostname="Dell" failures="0" tests="1" name="com.learning.sumit.bankApplication.service.UserServiceTestNgTest" time="0.125" errors="0" timestamp="22 Jul 2021 17:20:14 GMT" skipped="0">
  <testcase classname="com.learning.sumit.bankApplication.service.UserServiceTestNgTest" name="testCreateAccount" time="0.125"/>
</testsuite> <!-- com.learning.sumit.bankApplication.service.UserServiceTestNgTest -->
